<?xml version="1.0" encoding="UTF-8"?>
<testsuite xmlns:xsi="http://www.w3.org/2001/XMLSchema-instance" xsi:noNamespaceSchemaLocation="https://maven.apache.org/surefire/maven-surefire-plugin/xsd/surefire-test-report.xsd" name="TestSuite" time="3.132" tests="3" errors="0" skipped="0" failures="0">
  <properties>
    <property name="sun.desktop" value="windows"/>
    <property name="awt.toolkit" value="sun.awt.windows.WToolkit"/>
    <property name="file.encoding.pkg" value="sun.io"/>
    <property name="java.specification.version" value="1.8"/>
    <property name="sun.cpu.isalist" value="amd64"/>
    <property name="sun.jnu.encoding" value="GBK"/>
    <property name="java.class.path" value="E:\IDEA_workspace\jenkins_test\target\test-classes;E:\IDEA_workspace\jenkins_test\target\classes;F:\mavenReposiory\org\testng\testng\6.14.3\testng-6.14.3.jar;F:\mavenReposiory\com\beust\jcommander\1.72\jcommander-1.72.jar;F:\mavenReposiory\org\apache-extras\beanshell\bsh\2.0b6\bsh-2.0b6.jar;F:\mavenReposiory\io\qameta\allure\allure-testng\2.12.1\allure-testng-2.12.1.jar;F:\mavenReposiory\io\qameta\allure\allure-java-commons\2.12.1\allure-java-commons-2.12.1.jar;F:\mavenReposiory\io\qameta\allure\allure-model\2.12.1\allure-model-2.12.1.jar;F:\mavenReposiory\org\slf4j\slf4j-api\1.7.25\slf4j-api-1.7.25.jar;F:\mavenReposiory\com\fasterxml\jackson\core\jackson-databind\2.9.8\jackson-databind-2.9.8.jar;F:\mavenReposiory\com\fasterxml\jackson\core\jackson-annotations\2.9.0\jackson-annotations-2.9.0.jar;F:\mavenReposiory\com\fasterxml\jackson\core\jackson-core\2.9.8\jackson-core-2.9.8.jar;F:\mavenReposiory\org\apache\tika\tika-core\1.20\tika-core-1.20.jar;F:\mavenReposiory\org\jooq\joor-java-8\0.9.10\joor-java-8-0.9.10.jar;"/>
    <property name="java.vm.vendor" value="Oracle Corporation"/>
    <property name="sun.arch.data.model" value="64"/>
    <property name="user.variant" value=""/>
    <property name="java.vendor.url" value="http://java.oracle.com/"/>
    <property name="user.timezone" value="Asia/Shanghai"/>
    <property name="user.country.format" value="SG"/>
    <property name="java.vm.specification.version" value="1.8"/>
    <property name="os.name" value="Windows 7"/>
    <property name="user.country" value="CN"/>
    <property name="sun.java.launcher" value="SUN_STANDARD"/>
    <property name="sun.boot.library.path" value="D:\Program Files\Java\jdk1.8.0_45\bin"/>
    <property name="sun.java.command" value="C:\Users\ADMINI~1\AppData\Local\Temp\surefire4058367640689349066\surefirebooter3617245381143204138.jar C:\Users\Administrator\AppData\Local\Temp\surefire4058367640689349066 2021-07-04T12-02-49_622-jvmRun1 surefire1616769930418774510tmp surefire_01811288911534045213tmp"/>
    <property name="surefire.test.class.path" value="E:\IDEA_workspace\jenkins_test\target\test-classes;E:\IDEA_workspace\jenkins_test\target\classes;F:\mavenReposiory\org\testng\testng\6.14.3\testng-6.14.3.jar;F:\mavenReposiory\com\beust\jcommander\1.72\jcommander-1.72.jar;F:\mavenReposiory\org\apache-extras\beanshell\bsh\2.0b6\bsh-2.0b6.jar;F:\mavenReposiory\io\qameta\allure\allure-testng\2.12.1\allure-testng-2.12.1.jar;F:\mavenReposiory\io\qameta\allure\allure-java-commons\2.12.1\allure-java-commons-2.12.1.jar;F:\mavenReposiory\io\qameta\allure\allure-model\2.12.1\allure-model-2.12.1.jar;F:\mavenReposiory\org\slf4j\slf4j-api\1.7.25\slf4j-api-1.7.25.jar;F:\mavenReposiory\com\fasterxml\jackson\core\jackson-databind\2.9.8\jackson-databind-2.9.8.jar;F:\mavenReposiory\com\fasterxml\jackson\core\jackson-annotations\2.9.0\jackson-annotations-2.9.0.jar;F:\mavenReposiory\com\fasterxml\jackson\core\jackson-core\2.9.8\jackson-core-2.9.8.jar;F:\mavenReposiory\org\apache\tika\tika-core\1.20\tika-core-1.20.jar;F:\mavenReposiory\org\jooq\joor-java-8\0.9.10\joor-java-8-0.9.10.jar;"/>
    <property name="sun.cpu.endian" value="little"/>
    <property name="allure.results.directory" value="E:\IDEA_workspace\jenkins_test\target/allure-results"/>
    <property name="user.home" value="C:\Users\Administrator"/>
    <property name="user.language" value="zh"/>
    <property name="java.specification.vendor" value="Oracle Corporation"/>
    <property name="java.home" value="D:\Program Files\Java\jdk1.8.0_45"/>
    <property name="basedir" value="E:\IDEA_workspace\jenkins_test"/>
    <property name="file.separator" value="\"/>
    <property name="line.separator" value="&#10;"/>
    <property name="java.vm.specification.vendor" value="Oracle Corporation"/>
    <property name="java.specification.name" value="Java Platform API Specification"/>
    <property name="java.awt.graphicsenv" value="sun.awt.Win32GraphicsEnvironment"/>
    <property name="surefire.real.class.path" value="C:\Users\ADMINI~1\AppData\Local\Temp\surefire4058367640689349066\surefirebooter3617245381143204138.jar;F:\mavenReposiory/org/aspectj/aspectjweaver/1.8.10/aspectjweaver-1.8.10.jar"/>
    <property name="sun.boot.class.path" value="D:\Program Files\Java\jdk1.8.0_45\lib\resources.jar;D:\Program Files\Java\jdk1.8.0_45\lib\rt.jar;D:\Program Files\Java\jdk1.8.0_45\lib\sunrsasign.jar;D:\Program Files\Java\jdk1.8.0_45\lib\jsse.jar;D:\Program Files\Java\jdk1.8.0_45\lib\jce.jar;D:\Program Files\Java\jdk1.8.0_45\lib\charsets.jar;D:\Program Files\Java\jdk1.8.0_45\lib\jfr.jar;D:\Program Files\Java\jdk1.8.0_45\classes"/>
    <property name="user.script" value=""/>
    <property name="sun.management.compiler" value="HotSpot 64-Bit Tiered Compilers"/>
    <property name="java.runtime.version" value="1.8.0_45-b14"/>
    <property name="user.name" value="Administrator"/>
    <property name="path.separator" value=";"/>
    <property name="os.version" value="6.1"/>
    <property name="java.endorsed.dirs" value="D:\Program Files\Java\jdk1.8.0_45\lib\endorsed"/>
    <property name="java.runtime.name" value="Java(TM) SE Runtime Environment"/>
    <property name="file.encoding" value="UTF-8"/>
    <property name="java.vm.name" value="Java HotSpot(TM) 64-Bit Server VM"/>
    <property name="localRepository" value="F:\mavenReposiory"/>
    <property name="java.vendor.url.bug" value="http://bugreport.sun.com/bugreport/"/>
    <property name="java.io.tmpdir" value="C:\Users\ADMINI~1\AppData\Local\Temp\"/>
    <property name="java.version" value="1.8.0_45"/>
    <property name="user.dir" value="E:\IDEA_workspace\jenkins_test"/>
    <property name="os.arch" value="amd64"/>
    <property name="java.vm.specification.name" value="Java Virtual Machine Specification"/>
    <property name="java.awt.printerjob" value="sun.awt.windows.WPrinterJob"/>
    <property name="user.language.format" value="en"/>
    <property name="sun.os.patch.level" value="Service Pack 1"/>
    <property name="java.library.path" value="D:\Program Files\Java\jdk1.8.0_45\bin;C:\Windows\Sun\Java\bin;C:\Windows\system32;C:\Windows;C:\Program Files (x86)\Common Files\NetSarang;C:\Program Files (x86)\MySQL\MySQL Server 5.1\bin;D:\oracle\product\10.2.0\db_1\bin;C:\ProgramData\Oracle\Java\javapath;C:\Windows\system32;C:\Windows;C:\Windows\System32\Wbem;C:\Windows\System32\WindowsPowerShell\v1.0;C:\Program Files (x86)\Subversion\bin;D:\Program Files\TortoiseSVN\bin;F:\maven\apache-maven-3.5.0/bin;D:\Python33;D:\Program Files\Java\jdk1.8.0_45\bin;D:\android-sdk-windows-appium\platform-tools;D:\android-sdk-windows-appium\tools;D:\android-sdk-windows-appium\build-tools\28.0.3;D:\Program Files\Git\cmd;."/>
    <property name="java.vm.info" value="mixed mode"/>
    <property name="java.vendor" value="Oracle Corporation"/>
    <property name="java.vm.version" value="25.45-b02"/>
    <property name="java.ext.dirs" value="D:\Program Files\Java\jdk1.8.0_45\lib\ext;C:\Windows\Sun\Java\lib\ext"/>
    <property name="sun.io.unicode.encoding" value="UnicodeLittle"/>
    <property name="java.class.version" value="52.0"/>
  </properties>
  <testcase name="loginTest" classname="testcase.LoginTest" time="0.119"/>
  <testcase name="registerTest" classname="testcase.RegisterTest" time="0.001"/>
  <testcase name="test" classname="testcase.TestDome" time="0.002"/>
</testsuite>