<?xml version="1.0" encoding="UTF-8"?>
<!-- Generated by org.testng.reporters.JUnitReportReporter -->
<testsuite skipped="0" hostname="SC-HFJS12261318" name="testcase.RegisterTest" tests="1" failures="0" timestamp="03 Jul 2021 15:09:57 GMT" time="0.000" errors="0">
  <testcase name="registerTest" time="0.000" classname="testcase.RegisterTest"/>
</testsuite> <!-- testcase.RegisterTest -->
