<?xml version="1.0" encoding="UTF-8"?>
<!-- Generated by org.testng.reporters.JUnitReportReporter -->
<testsuite skipped="0" hostname="SC-HFJS12261318" name="testcase.TestDome" tests="1" failures="0" timestamp="04 Jul 2021 04:02:55 GMT" time="0.001" errors="0">
  <testcase name="test" time="0.001" classname="testcase.TestDome"/>
</testsuite> <!-- testcase.TestDome -->
